<?xml version="1.0" encoding="UTF-8" standalone="no"?>
<!DOCTYPE log SYSTEM "logger.dtd">
<log>
<record>
  <date>2019-03-31T12:09:46</date>
  <millis>1554019786955</millis>
  <sequence>0</sequence>
  <logger>com.eternal_call.projectForMediaSoft.DataBase.CommandsForDataBase</logger>
  <level>INFO</level>
  <class>com.eternal_call.projectForMediaSoft.DataBase.CommandsForDataBase</class>
  <method>delVacancy</method>
  <thread>1</thread>
  <message>Удаление пользователя под id = 14 успешно выполненно</message>
</record>
</log>
<?xml version="1.0" encoding="UTF-8" standalone="no"?>
<!DOCTYPE log SYSTEM "logger.dtd">
<log>
<record>
  <date>2019-03-31T12:17:24</date>
  <millis>1554020244194</millis>
  <sequence>0</sequence>
  <logger>com.eternal_call.projectForMediaSoft.DataBase.CommandsForDataBase</logger>
  <level>INFO</level>
  <class>com.eternal_call.projectForMediaSoft.DataBase.CommandsForDataBase</class>
  <method>delVacancy</method>
  <thread>1</thread>
  <message>Удаление пользователя под id = 15 успешно выполненно</message>
</record>
</log>
<?xml version="1.0" encoding="UTF-8" standalone="no"?>
<!DOCTYPE log SYSTEM "logger.dtd">
<log>
<record>
  <date>2019-03-31T12:49:45</date>
  <millis>1554022185722</millis>
  <sequence>0</sequence>
  <logger>com.eternal_call.projectForMediaSoft.DataBase.CommandsForDataBase</logger>
  <level>INFO</level>
  <class>com.eternal_call.projectForMediaSoft.DataBase.CommandsForDataBase</class>
  <method>delVacancy</method>
  <thread>1</thread>
  <message>Удаление пользователя под id = 321312313 успешно выполненно</message>
</record>
</log>
<?xml version="1.0" encoding="UTF-8" standalone="no"?>
<!DOCTYPE log SYSTEM "logger.dtd">
<log>
<record>
  <date>2019-03-31T13:11:06</date>
  <millis>1554023466097</millis>
  <sequence>0</sequence>
  <logger>com.eternal_call.projectForMediaSoft.DataBase.CommandsForDataBase</logger>
  <level>INFO</level>
  <class>com.eternal_call.projectForMediaSoft.DataBase.CommandsForDataBase</class>
  <method>delVacancy</method>
  <thread>1</thread>
  <message>Удаление пользователя под id = 12323 успешно выполненно</message>
</record>
<?xml version="1.0" encoding="UTF-8" standalone="no"?>
<!DOCTYPE log SYSTEM "logger.dtd">
<log>
<record>
  <date>2019-03-31T13:13:27</date>
  <millis>1554023607339</millis>
  <sequence>0</sequence>
  <logger>com.eternal_call.projectForMediaSoft.DataBase.CommandsForDataBase</logger>
  <level>INFO</level>
  <class>com.eternal_call.projectForMediaSoft.DataBase.CommandsForDataBase</class>
  <method>findVacancy</method>
  <thread>1</thread>
  <message>Поиск вакансии под именем: prog успешно выполненно</message>
</record>
</log>
<?xml version="1.0" encoding="UTF-8" standalone="no"?>
<!DOCTYPE log SYSTEM "logger.dtd">
<log>
<record>
  <date>2019-03-31T13:17:28</date>
  <millis>1554023848042</millis>
  <sequence>0</sequence>
  <logger>com.eternal_call.projectForMediaSoft.DataBase.CommandsForDataBase</logger>
  <level>INFO</level>
  <class>com.eternal_call.projectForMediaSoft.DataBase.CommandsForDataBase</class>
  <method>viewVacancy</method>
  <thread>1</thread>
  <message>Просмотр всех вакансий успешно выполнен</message>
</record>
<?xml version="1.0" encoding="UTF-8" standalone="no"?>
<!DOCTYPE log SYSTEM "logger.dtd">
<log>
<record>
  <date>2019-03-31T13:19:51</date>
  <millis>1554023991495</millis>
  <sequence>0</sequence>
  <logger>com.eternal_call.projectForMediaSoft.DataBase.CommandsForDataBase</logger>
  <level>INFO</level>
  <class>com.eternal_call.projectForMediaSoft.DataBase.CommandsForDataBase</class>
  <method>viewVacancy</method>
  <thread>1</thread>
  <message>Просмотр всех вакансий успешно выполненно</message>
</record>
<?xml version="1.0" encoding="UTF-8" standalone="no"?>
<!DOCTYPE log SYSTEM "logger.dtd">
<log>
<record>
  <date>2019-03-31T17:22:14</date>
  <millis>1554038534291</millis>
  <sequence>0</sequence>
  <logger>com.eternal_call.projectForMediaSoft.DataBase.CommandsForDataBase</logger>
  <level>INFO</level>
  <class>com.eternal_call.projectForMediaSoft.DataBase.CommandsForDataBase</class>
  <method>viewVacancy</method>
  <thread>1</thread>
  <message>Просмотр всех вакансий успешно выполненно</message>
</record>
</log>
